<?xml version="1.0" encoding="UTF-8"?>
<!-- Generated by org.testng.reporters.JUnitReportReporter -->
<testsuite hostname="137IT1FL20665W7" name="TestCases.LoginAndEquipUp" tests="1" failures="0" timestamp="25 Mar 2016 19:22:20 GMT" time="38.239" errors="0">
  <testcase name="LoginAndEquipDownChrome" time="38.239" classname="TestCases.LoginAndEquipUp"/>
</testsuite> <!-- TestCases.LoginAndEquipUp -->
