<?xml version="1.0" encoding="UTF-8"?>
<!-- Generated by org.testng.reporters.JUnitReportReporter -->
<testsuite hostname="137IT1FL20665W7" name="TestCases.LoginAndSetMDA" tests="1" failures="0" timestamp="10 Jun 2016 20:42:07 GMT" time="53.284" errors="0">
  <testcase name="LoginAndEquipDownChrome" time="53.284" classname="TestCases.LoginAndSetMDA"/>
</testsuite> <!-- TestCases.LoginAndSetMDA -->
