<?xml version="1.0" encoding="UTF-8"?>
<!-- Generated by org.testng.reporters.JUnitReportReporter -->
<testsuite hostname="137IT1FL20665W7" name="testingFiles.ExcelDataDrivenGoogleOutput" tests="1" failures="0" timestamp="8 Mar 2016 18:12:06 GMT" time="38.459" errors="0">
  <testcase name="TestScenario" time="38.459" classname="testingFiles.ExcelDataDrivenGoogleOutput"/>
</testsuite> <!-- testingFiles.ExcelDataDrivenGoogleOutput -->
