<?xml version="1.0" encoding="UTF-8"?>
<!-- Generated by org.testng.reporters.JUnitReportReporter -->
<testsuite hostname="137IT1FL20665W7" name="TestCases.LoginAndSetPersonnelDetach" tests="1" failures="0" timestamp="25 Mar 2016 17:11:08 GMT" time="65.699" errors="0">
  <testcase name="LoginAndEquipDownChrome" time="65.699" classname="TestCases.LoginAndSetPersonnelDetach"/>
</testsuite> <!-- TestCases.LoginAndSetPersonnelDetach -->
