<?xml version="1.0" encoding="UTF-8"?>
<!-- Generated by org.testng.reporters.JUnitReportReporter -->
<testsuite hostname="137IT1FL20665W7" name="TestCases.LoginAndDragnDropEquipment" tests="1" failures="0" timestamp="12 Apr 2016 20:14:44 GMT" time="20.996" errors="0">
  <testcase name="LoginAndEquipDownChrome" time="20.996" classname="TestCases.LoginAndDragnDropEquipment"/>
</testsuite> <!-- TestCases.LoginAndDragnDropEquipment -->
