<?xml version="1.0" encoding="UTF-8"?>
<!-- Generated by org.testng.reporters.JUnitReportReporter -->
<testsuite hostname="137IT1FL20665W7" name="testingFiles.setMda_Negative" tests="1" failures="0" timestamp="6 Apr 2016 17:24:33 GMT" time="31.460" errors="0">
  <testcase name="TestScenario" time="31.460" classname="testingFiles.setMda_Negative"/>
</testsuite> <!-- testingFiles.setMda_Negative -->
