<?xml version="1.0" encoding="UTF-8"?>
<!-- Generated by org.testng.reporters.JUnitReportReporter -->
<testsuite hostname="137IT1FL20665W7" name="Basics.ExcelDataDrivenGoogleOutput" tests="1" failures="0" timestamp="28 Dec 2015 21:33:05 GMT" time="29.047" errors="0">
  <testcase name="TestScenario" time="29.047" classname="Basics.ExcelDataDrivenGoogleOutput"/>
</testsuite> <!-- Basics.ExcelDataDrivenGoogleOutput -->
