<?xml version="1.0" encoding="UTF-8"?>
<!-- Generated by org.testng.reporters.JUnitReportReporter -->
<testsuite hostname="137IT1FL20665W7" name="CrossBrowsers.GoogleOutPut" tests="1" failures="0" timestamp="23 Dec 2015 19:50:55 GMT" time="0.003" errors="1">
  <testcase name="testParameterWithXML" time="0.003" classname="CrossBrowsers.GoogleOutPut">
    <error type="org.testng.TestNGException" message="
Parameter &#039;browser&#039; is required by @Configuration on method setup but has not been marked @Optional or defined
in C:\Users\skashem\workspace\Users\MyProject\Regression.xml">
      <![CDATA[org.testng.TestNGException: 
Parameter 'browser' is required by @Configuration on method setup but has not been marked @Optional or defined
in C:\Users\skashem\workspace\Users\MyProject\Regression.xml
	at org.testng.internal.Parameters.createParameters(Parameters.java:148)
	at org.testng.internal.Parameters.createParameters(Parameters.java:361)
	at org.testng.internal.Parameters.createConfigurationParameters(Parameters.java:84)
	at org.testng.internal.Invoker.invokeConfigurations(Invoker.java:197)
	at org.testng.internal.Invoker.invokeConfigurations(Invoker.java:138)
	at org.testng.TestRunner.beforeRun(TestRunner.java:647)
	at org.testng.TestRunner.run(TestRunner.java:615)
	at org.testng.SuiteRunner.runTest(SuiteRunner.java:357)
	at org.testng.SuiteRunner.runSequentially(SuiteRunner.java:352)
	at org.testng.SuiteRunner.privateRun(SuiteRunner.java:310)
	at org.testng.SuiteRunner.run(SuiteRunner.java:259)
	at org.testng.SuiteRunnerWorker.runSuite(SuiteRunnerWorker.java:52)
	at org.testng.SuiteRunnerWorker.run(SuiteRunnerWorker.java:86)
	at org.testng.TestNG.runSuitesSequentially(TestNG.java:1185)
	at org.testng.TestNG.runSuitesLocally(TestNG.java:1110)
	at org.testng.TestNG.run(TestNG.java:1018)
	at org.testng.remote.RemoteTestNG.run(RemoteTestNG.java:111)
	at org.testng.remote.RemoteTestNG.initAndRun(RemoteTestNG.java:204)
	at org.testng.remote.RemoteTestNG.main(RemoteTestNG.java:175)
]]>
    </error>
  </testcase> <!-- testParameterWithXML -->
</testsuite> <!-- CrossBrowsers.GoogleOutPut -->
