<?xml version="1.0" encoding="UTF-8"?>
<!-- Generated by org.testng.reporters.JUnitReportReporter -->
<testsuite hostname="137IT1FL20665W7" name="TestCases.LoginAndSetUnavailable" tests="1" failures="0" timestamp="10 Jun 2016 20:42:07 GMT" time="60.114" errors="0">
  <testcase name="LoginAndSetPersonUnavailableChrome" time="60.114" classname="TestCases.LoginAndSetUnavailable"/>
</testsuite> <!-- TestCases.LoginAndSetUnavailable -->
